<?xml version="1.0" encoding="UTF-8"?>
<!-- Generated by org.testng.reporters.JUnitReportReporter -->
<testsuite hostname="LAPTOP-MOABL95Q" failures="0" tests="1" name="testPackage.IntitiateTestNG" time="0.007" errors="0" timestamp="2024-10-24T13:10:54 IST" skipped="0">
  <testcase classname="testPackage.IntitiateTestNG" name="demo" time="0.007"/>
  <system-out/>
</testsuite> <!-- testPackage.IntitiateTestNG -->
