<?xml version="1.0" encoding="UTF-8"?>
<!-- Generated by org.testng.reporters.JUnitReportReporter -->
<testsuite hostname="LAPTOP-MOABL95Q" failures="0" tests="1" name="javaConcepts.PC" time="0.014" errors="0" timestamp="2024-10-25T22:14:19 IST" skipped="0">
  <testcase classname="javaConcepts.PC" name="realClass" time="0.014"/>
  <system-out/>
</testsuite> <!-- javaConcepts.PC -->
