<?xml version="1.0" encoding="UTF-8"?>
<!-- Generated by org.testng.reporters.JUnitReportReporter -->
<testsuite hostname="LAPTOP-MOABL95Q" failures="0" tests="3" name="testPackage.demo4" time="0.006" errors="0" timestamp="2024-11-10T18:20:18 IST" skipped="0">
  <testcase classname="testPackage.demo4" name="mobileLoginHomeLoan" time="0.001"/>
  <system-out/>
  <testcase classname="testPackage.demo4" name="webLoginHomeLoan" time="0.003"/>
  <system-out/>
  <testcase classname="testPackage.demo4" name="apiLoginHomeLoan" time="0.002"/>
  <system-out/>
</testsuite> <!-- testPackage.demo4 -->
