<?xml version="1.0" encoding="UTF-8"?>
<!-- Generated by org.testng.reporters.JUnitReportReporter -->
<testsuite hostname="LAPTOP-MOABL95Q" failures="0" tests="1" name="testPackage.Demo2" time="0.012" errors="0" timestamp="2024-11-10T18:20:18 IST" skipped="0">
  <testcase classname="testPackage.Demo2" name="demo" time="0.012"/>
  <system-out/>
</testsuite> <!-- testPackage.Demo2 -->
