<?xml version="1.0" encoding="UTF-8"?>
<!-- Generated by org.testng.reporters.JUnitReportReporter -->
<testsuite hostname="LAPTOP-MOABL95Q" failures="0" tests="2" name="javaConcepts.CC" time="0.031" errors="0" timestamp="2024-10-25T22:55:00 IST" skipped="0">
  <testcase classname="javaConcepts.CC" name="realClass" time="0.002"/>
  <system-out/>
  <testcase classname="javaConcepts.CC" name="childMet" time="0.029"/>
  <system-out/>
</testsuite> <!-- javaConcepts.CC -->
